<?xml version="1.0" encoding="UTF-8"?>
<!-- Generated by org.testng.reporters.JUnitXMLReporter -->
<testsuite hostname="ATMECSINLT-065" ignored="2" name="Test" tests="3" failures="0" timestamp="26 Sep 2019 13:58:27 GMT" time="85.096" errors="0">
  <testcase name="footerScript" time="10.608" classname="com.atmecs.script.FooterScript"/>
  <testcase name="context" time="10.35" classname="com.atmecs.script.ContextMenuScript"/>
  <testcase name="blogSc" time="54.389" classname="com.atmecs.script.BlogScript"/>
  <testcase name="@BeforeTest configSetup" time="0.0" classname="com.atmecs.driver.Driver_Class">
    <ignored/>
  </testcase> <!-- @BeforeTest configSetup -->
  <testcase name="@BeforeTest configSetup" time="0.0" classname="com.atmecs.driver.Driver_Class">
    <ignored/>
  </testcase> <!-- @BeforeTest configSetup -->
</testsuite> <!-- Test -->
