<?xml version="1.0" encoding="UTF-8"?>
<testng-results skipped="0" failed="0" ignored="2" total="5" passed="3">
  <reporter-output>
  </reporter-output>
  <suite name="Suite" duration-ms="85096" started-at="2019-09-26T13:57:02Z" finished-at="2019-09-26T13:58:27Z">
    <groups>
    </groups>
    <test name="Test" duration-ms="85096" started-at="2019-09-26T13:57:02Z" finished-at="2019-09-26T13:58:27Z">
      <class name="com.atmecs.script.BlogScript">
        <test-method status="PASS" signature="blogSc()[pri:3, instance:com.atmecs.script.BlogScript@5f341870]" name="blogSc" duration-ms="54389" started-at="2019-09-26T13:57:33Z" finished-at="2019-09-26T13:58:27Z">
          <reporter-output>
          </reporter-output>
        </test-method> <!-- blogSc -->
      </class> <!-- com.atmecs.script.BlogScript -->
      <class name="com.atmecs.script.FooterScript">
        <test-method status="PASS" signature="configSetup()[pri:0, instance:com.atmecs.script.FooterScript@3c0ecd4b]" name="configSetup" is-config="true" duration-ms="9705" started-at="2019-09-26T13:57:02Z" finished-at="2019-09-26T13:57:12Z">
          <reporter-output>
          </reporter-output>
        </test-method> <!-- configSetup -->
        <test-method status="PASS" signature="footerScript()[pri:1, instance:com.atmecs.script.FooterScript@3c0ecd4b]" name="footerScript" duration-ms="10608" started-at="2019-09-26T13:57:12Z" finished-at="2019-09-26T13:57:23Z">
          <reporter-output>
          </reporter-output>
        </test-method> <!-- footerScript -->
      </class> <!-- com.atmecs.script.FooterScript -->
      <class name="com.atmecs.script.ContextMenuScript">
        <test-method status="PASS" signature="context()[pri:2, instance:com.atmecs.script.ContextMenuScript@14bf9759]" name="context" duration-ms="10350" started-at="2019-09-26T13:57:23Z" finished-at="2019-09-26T13:57:33Z">
          <reporter-output>
          </reporter-output>
        </test-method> <!-- context -->
      </class> <!-- com.atmecs.script.ContextMenuScript -->
    </test> <!-- Test -->
  </suite> <!-- Suite -->
</testng-results>
